Copyright 1986-2022 Xilinx, Inc. All Rights Reserved.
-------------------------------------------------------------------------------------------------------------------------------------------------------------------------
| Tool Version     : Vivado v.2022.2 (win64) Build 3671981 Fri Oct 14 05:00:03 MDT 2022
| Date             : Wed Nov  8 21:13:30 2023
| Host             : bogdan running 64-bit major release  (build 9200)
| Command          : report_power -file Nexys4DdrUserDemo_power_routed.rpt -pb Nexys4DdrUserDemo_power_summary_routed.pb -rpx Nexys4DdrUserDemo_power_routed.rpx
| Design           : Nexys4DdrUserDemo
| Device           : xc7a100tcsg324-1
| Design State     : routed
| Grade            : commercial
| Process          : typical
| Characterization : Production
-------------------------------------------------------------------------------------------------------------------------------------------------------------------------

Power Report

Table of Contents
-----------------
1. Summary
1.1 On-Chip Components
1.2 Power Supply Summary
1.3 Confidence Level
2. Settings
2.1 Environment
2.2 Clock Constraints
3. Detailed Reports
3.1 By Hierarchy

1. Summary
----------

+--------------------------+--------------+
| Total On-Chip Power (W)  | 1.300        |
| Design Power Budget (W)  | Unspecified* |
| Power Budget Margin (W)  | NA           |
| Dynamic (W)              | 1.189        |
| Device Static (W)        | 0.111        |
| Effective TJA (C/W)      | 4.6          |
| Max Ambient (C)          | 79.1         |
| Junction Temperature (C) | 30.9         |
| Confidence Level         | Low          |
| Setting File             | ---          |
| Simulation Activity File | ---          |
| Design Nets Matched      | NA           |
+--------------------------+--------------+
* Specify Design Power Budget using, set_operating_conditions -design_power_budget <value in Watts>


1.1 On-Chip Components
----------------------

+--------------------------+-----------+----------+-----------+-----------------+
| On-Chip                  | Power (W) | Used     | Available | Utilization (%) |
+--------------------------+-----------+----------+-----------+-----------------+
| Clocks                   |     0.037 |       50 |       --- |             --- |
| Slice Logic              |     0.021 |    27907 |       --- |             --- |
|   LUT as Logic           |     0.019 |    16573 |     63400 |           26.14 |
|   CARRY4                 |    <0.001 |      669 |     15850 |            4.22 |
|   Register               |    <0.001 |     5486 |    126800 |            4.33 |
|   LUT as Distributed RAM |    <0.001 |      378 |     19000 |            1.99 |
|   F7/F8 Muxes            |    <0.001 |     2207 |     63400 |            3.48 |
|   LUT as Shift Register  |    <0.001 |       41 |     19000 |            0.22 |
|   Others                 |     0.000 |      403 |       --- |             --- |
| Signals                  |     0.018 |    19721 |       --- |             --- |
| Block RAM                |     0.012 |     44.5 |       135 |           32.96 |
| MMCM                     |     0.342 |        3 |         6 |           50.00 |
| PLL                      |     0.110 |        1 |         6 |           16.67 |
| DSPs                     |     0.001 |        4 |       240 |            1.67 |
| I/O                      |     0.543 |      134 |       210 |           63.81 |
| PHASER                   |     0.102 |       14 |       --- |             --- |
| XADC                     |     0.002 |        1 |       --- |             --- |
| Static Power             |     0.111 |          |           |                 |
| Total                    |     1.300 |          |           |                 |
+--------------------------+-----------+----------+-----------+-----------------+


1.2 Power Supply Summary
------------------------

+-----------+-------------+-----------+-------------+------------+-------------+-------------+------------+
| Source    | Voltage (V) | Total (A) | Dynamic (A) | Static (A) | Powerup (A) | Budget (A)  | Margin (A) |
+-----------+-------------+-----------+-------------+------------+-------------+-------------+------------+
| Vccint    |       1.000 |     0.142 |       0.123 |      0.020 |       NA    | Unspecified | NA         |
| Vccaux    |       1.800 |     0.363 |       0.345 |      0.018 |       NA    | Unspecified | NA         |
| Vcco33    |       3.300 |     0.009 |       0.005 |      0.004 |       NA    | Unspecified | NA         |
| Vcco25    |       2.500 |     0.000 |       0.000 |      0.000 |       NA    | Unspecified | NA         |
| Vcco18    |       1.800 |     0.241 |       0.237 |      0.004 |       NA    | Unspecified | NA         |
| Vcco15    |       1.500 |     0.000 |       0.000 |      0.000 |       NA    | Unspecified | NA         |
| Vcco135   |       1.350 |     0.000 |       0.000 |      0.000 |       NA    | Unspecified | NA         |
| Vcco12    |       1.200 |     0.000 |       0.000 |      0.000 |       NA    | Unspecified | NA         |
| Vccaux_io |       1.800 |     0.000 |       0.000 |      0.000 |       NA    | Unspecified | NA         |
| Vccbram   |       1.000 |     0.003 |       0.001 |      0.002 |       NA    | Unspecified | NA         |
| MGTAVcc   |       1.000 |     0.000 |       0.000 |      0.000 |       NA    | Unspecified | NA         |
| MGTAVtt   |       1.200 |     0.000 |       0.000 |      0.000 |       NA    | Unspecified | NA         |
| Vccadc    |       1.800 |     0.021 |       0.001 |      0.020 |       NA    | Unspecified | NA         |
+-----------+-------------+-----------+-------------+------------+-------------+-------------+------------+


1.3 Confidence Level
--------------------

+-----------------------------+------------+--------------------------------------------------------+------------------------------------------------------------------------------------------------------------+
| User Input Data             | Confidence | Details                                                | Action                                                                                                     |
+-----------------------------+------------+--------------------------------------------------------+------------------------------------------------------------------------------------------------------------+
| Design implementation state | High       | Design is routed                                       |                                                                                                            |
| Clock nodes activity        | High       | User specified more than 95% of clocks                 |                                                                                                            |
| I/O nodes activity          | Low        | More than 75% of inputs are missing user specification | Provide missing input activity with simulation results or by editing the "By Resource Type -> I/Os" view   |
| Internal nodes activity     | Medium     | User specified less than 25% of internal nodes         | Provide missing internal nodes activity with simulation results or by editing the "By Resource Type" views |
| Device models               | High       | Device models are Production                           |                                                                                                            |
|                             |            |                                                        |                                                                                                            |
| Overall confidence level    | Low        |                                                        |                                                                                                            |
+-----------------------------+------------+--------------------------------------------------------+------------------------------------------------------------------------------------------------------------+


2. Settings
-----------

2.1 Environment
---------------

+-----------------------+--------------------------+
| Ambient Temp (C)      | 25.0                     |
| ThetaJA (C/W)         | 4.6                      |
| Airflow (LFM)         | 250                      |
| Heat Sink             | medium (Medium Profile)  |
| ThetaSA (C/W)         | 4.6                      |
| Board Selection       | medium (10"x10")         |
| # of Board Layers     | 12to15 (12 to 15 Layers) |
| Board Temperature (C) | 25.0                     |
+-----------------------+--------------------------+


2.2 Clock Constraints
---------------------

+-----------------------+------------------------------------------------------------------------------------------------------------------------------------------------------------------------------------------------+-----------------+
| Clock                 | Domain                                                                                                                                                                                         | Constraint (ns) |
+-----------------------+------------------------------------------------------------------------------------------------------------------------------------------------------------------------------------------------+-----------------+
| CLK_OUT1_PxlClkGen    | Inst_VGA/Inst_PxlClkGen/inst/CLK_OUT1_PxlClkGen                                                                                                                                                |             9.3 |
| CLK_OUT1_PxlClkGen_1  | Inst_VGA/Inst_PxlClkGen/inst/CLK_OUT1_PxlClkGen                                                                                                                                                |             9.3 |
| clk_100MHz_o_ClkGen   | Inst_ClkGen/inst/clk_100MHz_o_ClkGen                                                                                                                                                           |            10.0 |
| clk_100MHz_o_ClkGen_1 | Inst_ClkGen/inst/clk_100MHz_o_ClkGen                                                                                                                                                           |            10.0 |
| clk_200MHz_o_ClkGen   | Inst_ClkGen/inst/clk_200MHz_o_ClkGen                                                                                                                                                           |             5.0 |
| clk_200MHz_o_ClkGen_1 | Inst_ClkGen/inst/clk_200MHz_o_ClkGen                                                                                                                                                           |             5.0 |
| clk_i                 | clk_i                                                                                                                                                                                          |            10.0 |
| clk_pll_i             | Inst_Audio/DDR/Inst_DDR/u_ddr_mig/u_ddr2_infrastructure/clk_pll_i                                                                                                                              |            13.3 |
| clk_pll_i_1           | Inst_Audio/DDR/Inst_DDR/u_ddr_mig/u_ddr2_infrastructure/clk_pll_i                                                                                                                              |            13.3 |
| clkfbout_ClkGen       | Inst_ClkGen/inst/clkfbout_ClkGen                                                                                                                                                               |            10.0 |
| clkfbout_ClkGen_1     | Inst_ClkGen/inst/clkfbout_ClkGen                                                                                                                                                               |            10.0 |
| clkfbout_PxlClkGen    | Inst_VGA/Inst_PxlClkGen/inst/clkfbout_PxlClkGen                                                                                                                                                |            10.0 |
| clkfbout_PxlClkGen_1  | Inst_VGA/Inst_PxlClkGen/inst/clkfbout_PxlClkGen                                                                                                                                                |            10.0 |
| freq_refclk           | Inst_Audio/DDR/Inst_DDR/u_ddr_mig/u_ddr2_infrastructure/freq_refclk                                                                                                                            |             1.7 |
| freq_refclk_1         | Inst_Audio/DDR/Inst_DDR/u_ddr_mig/u_ddr2_infrastructure/freq_refclk                                                                                                                            |             1.7 |
| iserdes_clk           | Inst_Audio/DDR/Inst_DDR/u_ddr_mig/u_memc_ui_top_std/mem_intfc0/ddr_phy_top0/u_ddr_mc_phy_wrapper/u_ddr_mc_phy/ddr_phy_4lanes_0.u_ddr_phy_4lanes/ddr_byte_lane_A.ddr_byte_lane_A/iserdes_clk    |             3.3 |
| iserdes_clk_1         | Inst_Audio/DDR/Inst_DDR/u_ddr_mig/u_memc_ui_top_std/mem_intfc0/ddr_phy_top0/u_ddr_mc_phy_wrapper/u_ddr_mc_phy/ddr_phy_4lanes_0.u_ddr_phy_4lanes/ddr_byte_lane_C.ddr_byte_lane_C/iserdes_clk    |             3.3 |
| iserdes_clk_2         | Inst_Audio/DDR/Inst_DDR/u_ddr_mig/u_memc_ui_top_std/mem_intfc0/ddr_phy_top0/u_ddr_mc_phy_wrapper/u_ddr_mc_phy/ddr_phy_4lanes_0.u_ddr_phy_4lanes/ddr_byte_lane_A.ddr_byte_lane_A/iserdes_clk    |             3.3 |
| iserdes_clk_3         | Inst_Audio/DDR/Inst_DDR/u_ddr_mig/u_memc_ui_top_std/mem_intfc0/ddr_phy_top0/u_ddr_mc_phy_wrapper/u_ddr_mc_phy/ddr_phy_4lanes_0.u_ddr_phy_4lanes/ddr_byte_lane_C.ddr_byte_lane_C/iserdes_clk    |             3.3 |
| iserdes_clkdiv        | Inst_Audio/DDR/Inst_DDR/u_ddr_mig/u_memc_ui_top_std/mem_intfc0/ddr_phy_top0/u_ddr_mc_phy_wrapper/u_ddr_mc_phy/ddr_phy_4lanes_0.u_ddr_phy_4lanes/ddr_byte_lane_A.ddr_byte_lane_A/iserdes_clkdiv |            13.3 |
| iserdes_clkdiv_1      | Inst_Audio/DDR/Inst_DDR/u_ddr_mig/u_memc_ui_top_std/mem_intfc0/ddr_phy_top0/u_ddr_mc_phy_wrapper/u_ddr_mc_phy/ddr_phy_4lanes_0.u_ddr_phy_4lanes/ddr_byte_lane_C.ddr_byte_lane_C/iserdes_clkdiv |            13.3 |
| iserdes_clkdiv_2      | Inst_Audio/DDR/Inst_DDR/u_ddr_mig/u_memc_ui_top_std/mem_intfc0/ddr_phy_top0/u_ddr_mc_phy_wrapper/u_ddr_mc_phy/ddr_phy_4lanes_0.u_ddr_phy_4lanes/ddr_byte_lane_A.ddr_byte_lane_A/iserdes_clkdiv |            13.3 |
| iserdes_clkdiv_3      | Inst_Audio/DDR/Inst_DDR/u_ddr_mig/u_memc_ui_top_std/mem_intfc0/ddr_phy_top0/u_ddr_mc_phy_wrapper/u_ddr_mc_phy/ddr_phy_4lanes_0.u_ddr_phy_4lanes/ddr_byte_lane_C.ddr_byte_lane_C/iserdes_clkdiv |            13.3 |
| mem_refclk            | Inst_Audio/DDR/Inst_DDR/u_ddr_mig/u_ddr2_infrastructure/mem_refclk                                                                                                                             |             3.3 |
| mem_refclk_1          | Inst_Audio/DDR/Inst_DDR/u_ddr_mig/u_ddr2_infrastructure/mem_refclk                                                                                                                             |             3.3 |
| oserdes_clk           | Inst_Audio/DDR/Inst_DDR/u_ddr_mig/u_memc_ui_top_std/mem_intfc0/ddr_phy_top0/u_ddr_mc_phy_wrapper/u_ddr_mc_phy/ddr_phy_4lanes_0.u_ddr_phy_4lanes/ddr_byte_lane_A.ddr_byte_lane_A/oserdes_clk    |             3.3 |
| oserdes_clk_1         | Inst_Audio/DDR/Inst_DDR/u_ddr_mig/u_memc_ui_top_std/mem_intfc0/ddr_phy_top0/u_ddr_mc_phy_wrapper/u_ddr_mc_phy/ddr_phy_4lanes_0.u_ddr_phy_4lanes/ddr_byte_lane_B.ddr_byte_lane_B/oserdes_clk    |             3.3 |
| oserdes_clk_2         | Inst_Audio/DDR/Inst_DDR/u_ddr_mig/u_memc_ui_top_std/mem_intfc0/ddr_phy_top0/u_ddr_mc_phy_wrapper/u_ddr_mc_phy/ddr_phy_4lanes_0.u_ddr_phy_4lanes/ddr_byte_lane_C.ddr_byte_lane_C/oserdes_clk    |             3.3 |
| oserdes_clk_3         | Inst_Audio/DDR/Inst_DDR/u_ddr_mig/u_memc_ui_top_std/mem_intfc0/ddr_phy_top0/u_ddr_mc_phy_wrapper/u_ddr_mc_phy/ddr_phy_4lanes_0.u_ddr_phy_4lanes/ddr_byte_lane_D.ddr_byte_lane_D/oserdes_clk    |             3.3 |
| oserdes_clk_4         | Inst_Audio/DDR/Inst_DDR/u_ddr_mig/u_memc_ui_top_std/mem_intfc0/ddr_phy_top0/u_ddr_mc_phy_wrapper/u_ddr_mc_phy/ddr_phy_4lanes_0.u_ddr_phy_4lanes/ddr_byte_lane_A.ddr_byte_lane_A/oserdes_clk    |             3.3 |
| oserdes_clk_5         | Inst_Audio/DDR/Inst_DDR/u_ddr_mig/u_memc_ui_top_std/mem_intfc0/ddr_phy_top0/u_ddr_mc_phy_wrapper/u_ddr_mc_phy/ddr_phy_4lanes_0.u_ddr_phy_4lanes/ddr_byte_lane_B.ddr_byte_lane_B/oserdes_clk    |             3.3 |
| oserdes_clk_6         | Inst_Audio/DDR/Inst_DDR/u_ddr_mig/u_memc_ui_top_std/mem_intfc0/ddr_phy_top0/u_ddr_mc_phy_wrapper/u_ddr_mc_phy/ddr_phy_4lanes_0.u_ddr_phy_4lanes/ddr_byte_lane_C.ddr_byte_lane_C/oserdes_clk    |             3.3 |
| oserdes_clk_7         | Inst_Audio/DDR/Inst_DDR/u_ddr_mig/u_memc_ui_top_std/mem_intfc0/ddr_phy_top0/u_ddr_mc_phy_wrapper/u_ddr_mc_phy/ddr_phy_4lanes_0.u_ddr_phy_4lanes/ddr_byte_lane_D.ddr_byte_lane_D/oserdes_clk    |             3.3 |
| oserdes_clkdiv        | Inst_Audio/DDR/Inst_DDR/u_ddr_mig/u_memc_ui_top_std/mem_intfc0/ddr_phy_top0/u_ddr_mc_phy_wrapper/u_ddr_mc_phy/ddr_phy_4lanes_0.u_ddr_phy_4lanes/ddr_byte_lane_A.ddr_byte_lane_A/oserdes_clkdiv |             6.7 |
| oserdes_clkdiv_1      | Inst_Audio/DDR/Inst_DDR/u_ddr_mig/u_memc_ui_top_std/mem_intfc0/ddr_phy_top0/u_ddr_mc_phy_wrapper/u_ddr_mc_phy/ddr_phy_4lanes_0.u_ddr_phy_4lanes/ddr_byte_lane_B.ddr_byte_lane_B/oserdes_clkdiv |            13.3 |
| oserdes_clkdiv_2      | Inst_Audio/DDR/Inst_DDR/u_ddr_mig/u_memc_ui_top_std/mem_intfc0/ddr_phy_top0/u_ddr_mc_phy_wrapper/u_ddr_mc_phy/ddr_phy_4lanes_0.u_ddr_phy_4lanes/ddr_byte_lane_C.ddr_byte_lane_C/oserdes_clkdiv |             6.7 |
| oserdes_clkdiv_3      | Inst_Audio/DDR/Inst_DDR/u_ddr_mig/u_memc_ui_top_std/mem_intfc0/ddr_phy_top0/u_ddr_mc_phy_wrapper/u_ddr_mc_phy/ddr_phy_4lanes_0.u_ddr_phy_4lanes/ddr_byte_lane_D.ddr_byte_lane_D/oserdes_clkdiv |            13.3 |
| oserdes_clkdiv_4      | Inst_Audio/DDR/Inst_DDR/u_ddr_mig/u_memc_ui_top_std/mem_intfc0/ddr_phy_top0/u_ddr_mc_phy_wrapper/u_ddr_mc_phy/ddr_phy_4lanes_0.u_ddr_phy_4lanes/ddr_byte_lane_A.ddr_byte_lane_A/oserdes_clkdiv |             6.7 |
| oserdes_clkdiv_5      | Inst_Audio/DDR/Inst_DDR/u_ddr_mig/u_memc_ui_top_std/mem_intfc0/ddr_phy_top0/u_ddr_mc_phy_wrapper/u_ddr_mc_phy/ddr_phy_4lanes_0.u_ddr_phy_4lanes/ddr_byte_lane_B.ddr_byte_lane_B/oserdes_clkdiv |            13.3 |
| oserdes_clkdiv_6      | Inst_Audio/DDR/Inst_DDR/u_ddr_mig/u_memc_ui_top_std/mem_intfc0/ddr_phy_top0/u_ddr_mc_phy_wrapper/u_ddr_mc_phy/ddr_phy_4lanes_0.u_ddr_phy_4lanes/ddr_byte_lane_C.ddr_byte_lane_C/oserdes_clkdiv |             6.7 |
| oserdes_clkdiv_7      | Inst_Audio/DDR/Inst_DDR/u_ddr_mig/u_memc_ui_top_std/mem_intfc0/ddr_phy_top0/u_ddr_mc_phy_wrapper/u_ddr_mc_phy/ddr_phy_4lanes_0.u_ddr_phy_4lanes/ddr_byte_lane_D.ddr_byte_lane_D/oserdes_clkdiv |            13.3 |
| pll_clk3_out          | Inst_Audio/DDR/Inst_DDR/u_ddr_mig/u_ddr2_infrastructure/pll_clk3_out                                                                                                                           |            13.3 |
| pll_clk3_out_1        | Inst_Audio/DDR/Inst_DDR/u_ddr_mig/u_ddr2_infrastructure/pll_clk3_out                                                                                                                           |            13.3 |
| pll_clkfbout          | Inst_Audio/DDR/Inst_DDR/u_ddr_mig/u_ddr2_infrastructure/pll_clkfbout                                                                                                                           |             5.0 |
| pll_clkfbout_1        | Inst_Audio/DDR/Inst_DDR/u_ddr_mig/u_ddr2_infrastructure/pll_clkfbout                                                                                                                           |             5.0 |
| sync_pulse            | Inst_Audio/DDR/Inst_DDR/u_ddr_mig/u_ddr2_infrastructure/sync_pulse                                                                                                                             |            53.3 |
| sync_pulse_1          | Inst_Audio/DDR/Inst_DDR/u_ddr_mig/u_ddr2_infrastructure/sync_pulse                                                                                                                             |            53.3 |
| sys_clk_pin           | clk_i                                                                                                                                                                                          |            10.0 |
+-----------------------+------------------------------------------------------------------------------------------------------------------------------------------------------------------------------------------------+-----------------+


3. Detailed Reports
-------------------

3.1 By Hierarchy
----------------

+-----------------------------+-----------+
| Name                        | Power (W) |
+-----------------------------+-----------+
| Nexys4DdrUserDemo           |     1.189 |
|   Inst_AccelerometerCtl     |     0.005 |
|     ADXL_Control            |     0.002 |
|     Accel_Calculation       |     0.002 |
|       Magnitude_Calculation |     0.002 |
|   Inst_Audio                |     0.878 |
|     DDR                     |     0.874 |
|       Inst_DDR              |     0.873 |
|     RAM                     |     0.001 |
|   Inst_ClkGen               |     0.107 |
|     inst                    |     0.107 |
|   Inst_FPGAMonitor          |     0.002 |
|   Inst_MouseCtl             |     0.003 |
|   Inst_RGB                  |     0.002 |
|   Inst_TempSensorCtl        |     0.001 |
|   Inst_VGA                  |     0.171 |
|     Inst_Adxl362TempDisplay |     0.002 |
|     Inst_LogoDisplay        |     0.012 |
|       Inst_BRAM_1           |     0.012 |
|     Inst_MicDisplay         |     0.003 |
|     Inst_OverlayCtrl        |     0.018 |
|     Inst_PxlClkGen          |     0.124 |
|       inst                  |     0.124 |
|     Inst_XadcTempDisplay    |     0.004 |
+-----------------------------+-----------+


